Ip:
    Forwarding: 1
    100690 total packets received
    0 forwarded
    0 incoming packets discarded
    100690 incoming packets delivered
    85636 requests sent out
    241 dropped because of missing route
Icmp:
    2681 ICMP messages received
    1336 input ICMP message failed
    ICMP input histogram:
        destination unreachable: 2681
    2679 ICMP messages sent
    0 ICMP messages failed
    ICMP output histogram:
        destination unreachable: 2679
IcmpMsg:
        InType3: 2681
        OutType3: 2679
Tcp:
    58515 active connection openings
    2 passive connection openings
    58486 failed connection attempts
    5 connection resets received
    2 connections established
    96519 segments received
    80627 segments sent out
    1340 segments retransmitted
    0 bad segments received
    23 resets sent
Udp:
    1440 packets received
    0 packets to unknown port received
    0 packet receive errors
    1360 packets sent
    0 receive buffer errors
    0 send buffer errors
    IgnoredMulti: 50
UdpLite:
TcpExt:
    15 TCP sockets finished time wait in fast timer
    157 delayed acks sent
    1427 packet headers predicted
    19070 acknowledgments not containing data payload received
    1048 predicted acknowledgments
    3 congestion windows recovered without slow start after partial ack
    TCPTimeouts: 1341
    TCPLossProbes: 2
    5 connections reset due to early user close
    TCPRcvCoalesce: 556
    TCPSpuriousRtxHostQueues: 1352
    TCPAutoCorking: 100
    TCPSynRetrans: 1337
    TCPOrigDataSent: 20355
    TCPHystartTrainDetect: 1
    TCPHystartTrainCwnd: 18
    TCPKeepAlive: 12
    TCPDelivered: 20379
IpExt:
    InMcastPkts: 173
    OutMcastPkts: 46
    InBcastPkts: 50
    InOctets: 10020227
    OutOctets: 7777421
    InMcastOctets: 32213
    OutMcastOctets: 4288
    InBcastOctets: 4404
    InNoECTPkts: 84580
    InECT0Pkts: 18008
